0 info it worked if it ends with ok
1 verbose cli [ '/usr/local/bin/node',
1 verbose cli   '/usr/local/bin/npm',
1 verbose cli   'run',
1 verbose cli   'build-client' ]
2 info using npm@3.10.3
3 info using node@v6.5.0
4 verbose run-script [ 'prebuild-client', 'build-client', 'postbuild-client' ]
5 info lifecycle flightlist@1.0.0~prebuild-client: flightlist@1.0.0
6 silly lifecycle flightlist@1.0.0~prebuild-client: no script for prebuild-client, continuing
7 info lifecycle flightlist@1.0.0~build-client: flightlist@1.0.0
8 verbose lifecycle flightlist@1.0.0~build-client: unsafe-perm in lifecycle true
9 verbose lifecycle flightlist@1.0.0~build-client: PATH: /usr/local/lib/node_modules/npm/bin/node-gyp-bin:/Users/gregerhalltorp/projects/flightlist/node_modules/.bin:/usr/local/bin:/usr/local/bin:/usr/local/bin:/usr/bin:/bin:/usr/sbin:/sbin:/opt/X11/bin
10 verbose lifecycle flightlist@1.0.0~build-client: CWD: /Users/gregerhalltorp/projects/flightlist
11 silly lifecycle flightlist@1.0.0~build-client: Args: [ '-c', 'node build' ]
12 silly lifecycle flightlist@1.0.0~build-client: Returned: code: 1  signal: null
13 info lifecycle flightlist@1.0.0~build-client: Failed to exec build-client script
14 verbose stack Error: flightlist@1.0.0 build-client: `node build`
14 verbose stack Exit status 1
14 verbose stack     at EventEmitter.<anonymous> (/usr/local/lib/node_modules/npm/lib/utils/lifecycle.js:242:16)
14 verbose stack     at emitTwo (events.js:106:13)
14 verbose stack     at EventEmitter.emit (events.js:191:7)
14 verbose stack     at ChildProcess.<anonymous> (/usr/local/lib/node_modules/npm/lib/utils/spawn.js:40:14)
14 verbose stack     at emitTwo (events.js:106:13)
14 verbose stack     at ChildProcess.emit (events.js:191:7)
14 verbose stack     at maybeClose (internal/child_process.js:877:16)
14 verbose stack     at Process.ChildProcess._handle.onexit (internal/child_process.js:226:5)
15 verbose pkgid flightlist@1.0.0
16 verbose cwd /Users/gregerhalltorp/projects/flightlist
17 error Darwin 16.0.0
18 error argv "/usr/local/bin/node" "/usr/local/bin/npm" "run" "build-client"
19 error node v6.5.0
20 error npm  v3.10.3
21 error code ELIFECYCLE
22 error flightlist@1.0.0 build-client: `node build`
22 error Exit status 1
23 error Failed at the flightlist@1.0.0 build-client script 'node build'.
23 error Make sure you have the latest version of node.js and npm installed.
23 error If you do, this is most likely a problem with the flightlist package,
23 error not with npm itself.
23 error Tell the author that this fails on your system:
23 error     node build
23 error You can get information on how to open an issue for this project with:
23 error     npm bugs flightlist
23 error Or if that isn't available, you can get their info via:
23 error     npm owner ls flightlist
23 error There is likely additional logging output above.
24 verbose exit [ 1, true ]
